Determining if the pthread_create exist failed with the following output:
Change Dir: /home/skm2019/Documents/CS393R/cs393r_starter/build/CMakeFiles/CMakeTmp

Run Build Command:"/usr/bin/make" "cmTC_a224f/fast"
make[1]: Entering directory '/home/skm2019/Documents/CS393R/cs393r_starter/build/CMakeFiles/CMakeTmp'
/usr/bin/make -f CMakeFiles/cmTC_a224f.dir/build.make CMakeFiles/cmTC_a224f.dir/build
make[2]: Entering directory '/home/skm2019/Documents/CS393R/cs393r_starter/build/CMakeFiles/CMakeTmp'
Building C object CMakeFiles/cmTC_a224f.dir/CheckSymbolExists.c.o
/usr/bin/gcc    -o CMakeFiles/cmTC_a224f.dir/CheckSymbolExists.c.o   -c /home/skm2019/Documents/CS393R/cs393r_starter/build/CMakeFiles/CMakeTmp/CheckSymbolExists.c
Linking C executable cmTC_a224f
/usr/bin/cmake -E cmake_link_script CMakeFiles/cmTC_a224f.dir/link.txt --verbose=1
/usr/bin/gcc      -rdynamic CMakeFiles/cmTC_a224f.dir/CheckSymbolExists.c.o  -o cmTC_a224f 
CMakeFiles/cmTC_a224f.dir/CheckSymbolExists.c.o: In function `main':
CheckSymbolExists.c:(.text+0x1b): undefined reference to `pthread_create'
collect2: error: ld returned 1 exit status
CMakeFiles/cmTC_a224f.dir/build.make:97: recipe for target 'cmTC_a224f' failed
make[2]: *** [cmTC_a224f] Error 1
make[2]: Leaving directory '/home/skm2019/Documents/CS393R/cs393r_starter/build/CMakeFiles/CMakeTmp'
Makefile:126: recipe for target 'cmTC_a224f/fast' failed
make[1]: *** [cmTC_a224f/fast] Error 2
make[1]: Leaving directory '/home/skm2019/Documents/CS393R/cs393r_starter/build/CMakeFiles/CMakeTmp'

File /home/skm2019/Documents/CS393R/cs393r_starter/build/CMakeFiles/CMakeTmp/CheckSymbolExists.c:
/* */
#include <pthread.h>

int main(int argc, char** argv)
{
  (void)argv;
#ifndef pthread_create
  return ((int*)(&pthread_create))[argc];
#else
  (void)argc;
  return 0;
#endif
}

Determining if the function pthread_create exists in the pthreads failed with the following output:
Change Dir: /home/skm2019/Documents/CS393R/cs393r_starter/build/CMakeFiles/CMakeTmp

Run Build Command:"/usr/bin/make" "cmTC_086be/fast"
make[1]: Entering directory '/home/skm2019/Documents/CS393R/cs393r_starter/build/CMakeFiles/CMakeTmp'
/usr/bin/make -f CMakeFiles/cmTC_086be.dir/build.make CMakeFiles/cmTC_086be.dir/build
make[2]: Entering directory '/home/skm2019/Documents/CS393R/cs393r_starter/build/CMakeFiles/CMakeTmp'
Building C object CMakeFiles/cmTC_086be.dir/CheckFunctionExists.c.o
/usr/bin/gcc   -DCHECK_FUNCTION_EXISTS=pthread_create   -o CMakeFiles/cmTC_086be.dir/CheckFunctionExists.c.o   -c /usr/share/cmake-3.10/Modules/CheckFunctionExists.c
Linking C executable cmTC_086be
/usr/bin/cmake -E cmake_link_script CMakeFiles/cmTC_086be.dir/link.txt --verbose=1
/usr/bin/gcc  -DCHECK_FUNCTION_EXISTS=pthread_create    -rdynamic CMakeFiles/cmTC_086be.dir/CheckFunctionExists.c.o  -o cmTC_086be -lpthreads 
/usr/bin/ld: cannot find -lpthreads
collect2: error: ld returned 1 exit status
CMakeFiles/cmTC_086be.dir/build.make:97: recipe for target 'cmTC_086be' failed
make[2]: *** [cmTC_086be] Error 1
make[2]: Leaving directory '/home/skm2019/Documents/CS393R/cs393r_starter/build/CMakeFiles/CMakeTmp'
Makefile:126: recipe for target 'cmTC_086be/fast' failed
make[1]: *** [cmTC_086be/fast] Error 2
make[1]: Leaving directory '/home/skm2019/Documents/CS393R/cs393r_starter/build/CMakeFiles/CMakeTmp'


